Failed to load resource: the server responded with a status of 502 (Bad Gateway)
Failed to load resource: the server responded with a status of 502 (Bad Gateway)
Connected to multiplayer server
Failed to load resource: the server responded with a status of 502 (Bad Gateway)
Failed to load resource: the server responded with a status of 502 (Bad Gateway)
Connected to multiplayer server
[vite] hot updated: /src/components/GameCanvas.vue
[vite] hot updated: /src/components/GameCanvas.vue
[DOM] Password field is not contained in a form: (More info: https://goo.gl/9p2vKq) %o
[vite] hot updated: /src/components/GameCanvas.vue
[vite] hot updated: /src/components/GameCanvas.vue
[DOM] Password field is not contained in a form: (More info: https://goo.gl/9p2vKq) %o
[vite] hot updated: /src/components/GameCanvas.vue
[DOM] Password field is not contained in a form: (More info: https://goo.gl/9p2vKq) %o
[vite] hot updated: /src/components/GameCanvas.vue
[DOM] Password field is not contained in a form: (More info: https://goo.gl/9p2vKq) %o
[vite] hot updated: /src/components/GameCanvas.vue
[DOM] Password field is not contained in a form: (More info: https://goo.gl/9p2vKq) %o
[vite] hot updated: /src/components/GameCanvas.vue
[DOM] Password field is not contained in a form: (More info: https://goo.gl/9p2vKq) %o
Failed to load resource: the server responded with a status of 502 (Bad Gateway)
Connected to multiplayer server
[vite] hot updated: /src/components/GameCanvas.vue
Failed to load resource: the server responded with a status of 502 (Bad Gateway)
Failed to load resource: the server responded with a status of 502 (Bad Gateway)
Connected to multiplayer server
[vite] server connection lost. Polling for restart...
Failed to load resource: net::ERR_CONNECTION_REFUSED
Failed to load resource: net::ERR_CONNECTION_REFUSED
Failed to load resource: net::ERR_CONNECTION_REFUSED
Failed to load resource: net::ERR_CONNECTION_REFUSED
Failed to load resource: net::ERR_CONNECTION_REFUSED
Failed to load resource: net::ERR_CONNECTION_REFUSED
Failed to load resource: net::ERR_CONNECTION_REFUSED
Failed to load resource: net::ERR_CONNECTION_REFUSED
Failed to load resource: net::ERR_CONNECTION_REFUSED
Failed to load resource: net::ERR_CONNECTION_REFUSED
Failed to load resource: net::ERR_CONNECTION_REFUSED
Failed to load resource: net::ERR_CONNECTION_REFUSED
Failed to load resource: net::ERR_CONNECTION_REFUSED
Failed to load resource: net::ERR_CONNECTION_REFUSED
Failed to load resource: net::ERR_CONNECTION_REFUSED
Failed to load resource: net::ERR_CONNECTION_REFUSED
Failed to load resource: net::ERR_CONNECTION_REFUSED
Failed to load resource: net::ERR_CONNECTION_REFUSED
Failed to load resource: net::ERR_CONNECTION_REFUSED
Failed to load resource: net::ERR_CONNECTION_REFUSED
Failed to load resource: net::ERR_CONNECTION_REFUSED
Failed to load resource: net::ERR_CONNECTION_REFUSED
Failed to load resource: net::ERR_CONNECTION_REFUSED
Failed to load resource: net::ERR_CONNECTION_REFUSED
Failed to load resource: net::ERR_CONNECTION_REFUSED
Failed to load resource: net::ERR_CONNECTION_REFUSED
Failed to load resource: net::ERR_CONNECTION_REFUSED
Failed to load resource: net::ERR_CONNECTION_REFUSED
Failed to load resource: net::ERR_CONNECTION_REFUSED
Failed to load resource: net::ERR_CONNECTION_REFUSED
Failed to load resource: net::ERR_CONNECTION_REFUSED
Failed to load resource: net::ERR_CONNECTION_REFUSED
[vite] connecting...
[DOM] Password field is not contained in a form: (More info: https://goo.gl/9p2vKq) %o
Connected to multiplayer server
[vite] connected.
[vite] hot updated: /src/components/GameCanvas.vue
[DOM] Password field is not contained in a form: (More info: https://goo.gl/9p2vKq) %o
[vite] hot updated: /src/components/GameCanvas.vue
[DOM] Password field is not contained in a form: (More info: https://goo.gl/9p2vKq) %o
[vite] hot updated: /src/components/GameCanvas.vue
[DOM] Password field is not contained in a form: (More info: https://goo.gl/9p2vKq) %o
Failed to load resource: the server responded with a status of 502 (Bad Gateway)
Connected to multiplayer server
[vite] hot updated: /src/components/GameCanvas.vue
[DOM] Password field is not contained in a form: (More info: https://goo.gl/9p2vKq) %o
[vite] hot updated: /src/components/GameCanvas.vue
[DOM] Password field is not contained in a form: (More info: https://goo.gl/9p2vKq) %o
[vite] hot updated: /src/components/GameCanvas.vue
[DOM] Password field is not contained in a form: (More info: https://goo.gl/9p2vKq) %o
[vite] hot updated: /src/components/GameCanvas.vue
[DOM] Password field is not contained in a form: (More info: https://goo.gl/9p2vKq) %o
[vite] hot updated: /src/components/GameCanvas.vue
[DOM] Password field is not contained in a form: (More info: https://goo.gl/9p2vKq) %o
[vite] hot updated: /src/components/GameCanvas.vue
[DOM] Password field is not contained in a form: (More info: https://goo.gl/9p2vKq) %o
[vite] hot updated: /src/components/GameCanvas.vue
[DOM] Password field is not contained in a form: (More info: https://goo.gl/9p2vKq) %o
[vite] hot updated: /src/components/GameCanvas.vue
[DOM] Password field is not contained in a form: (More info: https://goo.gl/9p2vKq) %o
[vite] hot updated: /src/components/GameCanvas.vue
[DOM] Password field is not contained in a form: (More info: https://goo.gl/9p2vKq) %o
[vite] hot updated: /src/components/GameCanvas.vue
[DOM] Password field is not contained in a form: (More info: https://goo.gl/9p2vKq) %o
[vite] hot updated: /src/components/GameCanvas.vue
[DOM] Password field is not contained in a form: (More info: https://goo.gl/9p2vKq) %o
[vite] hot updated: /src/components/GameCanvas.vue
[DOM] Password field is not contained in a form: (More info: https://goo.gl/9p2vKq) %o
[vite] hot updated: /src/components/GameCanvas.vue
[DOM] Password field is not contained in a form: (More info: https://goo.gl/9p2vKq) %o
[vite] hot updated: /src/components/GameCanvas.vue
[DOM] Password field is not contained in a form: (More info: https://goo.gl/9p2vKq) %o
[vite] hot updated: /src/components/GameCanvas.vue
[DOM] Password field is not contained in a form: (More info: https://goo.gl/9p2vKq) %o
[vite] hot updated: /src/components/GameCanvas.vue
[DOM] Password field is not contained in a form: (More info: https://goo.gl/9p2vKq) %o
[vite] hot updated: /src/components/GameCanvas.vue
[DOM] Password field is not contained in a form: (More info: https://goo.gl/9p2vKq) %o
